<?xml version="1.0" encoding="UTF-8"?>
<testsuite xmlns:xsi="http://www.w3.org/2001/XMLSchema-instance" xsi:noNamespaceSchemaLocation="https://maven.apache.org/surefire/maven-surefire-plugin/xsd/surefire-test-report-3.0.xsd" version="3.0" name="com.arta.warehouse.GoodsServicesTest" time="0.983" tests="2" errors="0" skipped="0" failures="0">
  <properties>
    <property name="java.specification.version" value="21"/>
    <property name="sun.jnu.encoding" value="UTF-8"/>
    <property name="java.class.path" value="/Users/serafimbronnikov/Desktop/warehouse/target/test-classes:/Users/serafimbronnikov/Desktop/warehouse/target/classes:/Users/serafimbronnikov/.m2/repository/com/fasterxml/jackson/core/jackson-databind/2.16.0/jackson-databind-2.16.0.jar:/Users/serafimbronnikov/.m2/repository/com/fasterxml/jackson/core/jackson-annotations/2.16.0/jackson-annotations-2.16.0.jar:/Users/serafimbronnikov/.m2/repository/com/fasterxml/jackson/core/jackson-core/2.16.0/jackson-core-2.16.0.jar:/Users/serafimbronnikov/.m2/repository/jakarta/platform/jakarta.jakartaee-api/9.1.0/jakarta.jakartaee-api-9.1.0.jar:/Users/serafimbronnikov/.m2/repository/org/postgresql/postgresql/42.3.6/postgresql-42.3.6.jar:/Users/serafimbronnikov/.m2/repository/org/checkerframework/checker-qual/3.5.0/checker-qual-3.5.0.jar:/Users/serafimbronnikov/.m2/repository/org/glassfish/jersey/core/jersey-server/3.0.3/jersey-server-3.0.3.jar:/Users/serafimbronnikov/.m2/repository/org/glassfish/jersey/core/jersey-common/3.0.3/jersey-common-3.0.3.jar:/Users/serafimbronnikov/.m2/repository/org/glassfish/hk2/osgi-resource-locator/1.0.3/osgi-resource-locator-1.0.3.jar:/Users/serafimbronnikov/.m2/repository/org/glassfish/jersey/core/jersey-client/3.0.3/jersey-client-3.0.3.jar:/Users/serafimbronnikov/.m2/repository/jakarta/ws/rs/jakarta.ws.rs-api/3.0.0/jakarta.ws.rs-api-3.0.0.jar:/Users/serafimbronnikov/.m2/repository/jakarta/annotation/jakarta.annotation-api/2.0.0/jakarta.annotation-api-2.0.0.jar:/Users/serafimbronnikov/.m2/repository/jakarta/inject/jakarta.inject-api/2.0.0/jakarta.inject-api-2.0.0.jar:/Users/serafimbronnikov/.m2/repository/jakarta/validation/jakarta.validation-api/3.0.0/jakarta.validation-api-3.0.0.jar:/Users/serafimbronnikov/.m2/repository/org/glassfish/jersey/containers/jersey-container-servlet/3.0.3/jersey-container-servlet-3.0.3.jar:/Users/serafimbronnikov/.m2/repository/org/glassfish/jersey/containers/jersey-container-servlet-core/3.0.3/jersey-container-servlet-core-3.0.3.jar:/Users/serafimbronnikov/.m2/repository/org/glassfish/jersey/inject/jersey-hk2/3.0.3/jersey-hk2-3.0.3.jar:/Users/serafimbronnikov/.m2/repository/org/glassfish/hk2/hk2-locator/3.0.1/hk2-locator-3.0.1.jar:/Users/serafimbronnikov/.m2/repository/org/glassfish/hk2/external/aopalliance-repackaged/3.0.1/aopalliance-repackaged-3.0.1.jar:/Users/serafimbronnikov/.m2/repository/org/glassfish/hk2/hk2-api/3.0.1/hk2-api-3.0.1.jar:/Users/serafimbronnikov/.m2/repository/org/glassfish/hk2/hk2-utils/3.0.1/hk2-utils-3.0.1.jar:/Users/serafimbronnikov/.m2/repository/org/javassist/javassist/3.25.0-GA/javassist-3.25.0-GA.jar:/Users/serafimbronnikov/.m2/repository/org/projectlombok/lombok/1.18.32/lombok-1.18.32.jar:/Users/serafimbronnikov/.m2/repository/junit/junit/4.13.2/junit-4.13.2.jar:/Users/serafimbronnikov/.m2/repository/org/hamcrest/hamcrest-core/1.3/hamcrest-core-1.3.jar:/Users/serafimbronnikov/.m2/repository/org/mockito/mockito-core/4.0.0/mockito-core-4.0.0.jar:/Users/serafimbronnikov/.m2/repository/net/bytebuddy/byte-buddy/1.11.19/byte-buddy-1.11.19.jar:/Users/serafimbronnikov/.m2/repository/net/bytebuddy/byte-buddy-agent/1.11.19/byte-buddy-agent-1.11.19.jar:/Users/serafimbronnikov/.m2/repository/org/objenesis/objenesis/3.2/objenesis-3.2.jar:/Users/serafimbronnikov/.m2/repository/jakarta/servlet/jakarta.servlet-api/5.0.0/jakarta.servlet-api-5.0.0.jar:"/>
    <property name="java.vm.vendor" value="Oracle Corporation"/>
    <property name="sun.arch.data.model" value="64"/>
    <property name="java.vendor.url" value="https://java.oracle.com/"/>
    <property name="os.name" value="Mac OS X"/>
    <property name="java.vm.specification.version" value="21"/>
    <property name="sun.java.launcher" value="SUN_STANDARD"/>
    <property name="user.country" value="KZ"/>
    <property name="sun.boot.library.path" value="/Users/serafimbronnikov/Library/Java/JavaVirtualMachines/openjdk-21.0.2/Contents/Home/lib"/>
    <property name="sun.java.command" value="/Users/serafimbronnikov/Desktop/warehouse/target/surefire/surefirebooter-20240518104100943_3.jar /Users/serafimbronnikov/Desktop/warehouse/target/surefire 2024-05-18T10-41-00_793-jvmRun1 surefire-20240518104100943_1tmp surefire_0-20240518104100943_2tmp"/>
    <property name="http.nonProxyHosts" value="local|*.local|169.254/16|*.169.254/16"/>
    <property name="jdk.debug" value="release"/>
    <property name="surefire.test.class.path" value="/Users/serafimbronnikov/Desktop/warehouse/target/test-classes:/Users/serafimbronnikov/Desktop/warehouse/target/classes:/Users/serafimbronnikov/.m2/repository/com/fasterxml/jackson/core/jackson-databind/2.16.0/jackson-databind-2.16.0.jar:/Users/serafimbronnikov/.m2/repository/com/fasterxml/jackson/core/jackson-annotations/2.16.0/jackson-annotations-2.16.0.jar:/Users/serafimbronnikov/.m2/repository/com/fasterxml/jackson/core/jackson-core/2.16.0/jackson-core-2.16.0.jar:/Users/serafimbronnikov/.m2/repository/jakarta/platform/jakarta.jakartaee-api/9.1.0/jakarta.jakartaee-api-9.1.0.jar:/Users/serafimbronnikov/.m2/repository/org/postgresql/postgresql/42.3.6/postgresql-42.3.6.jar:/Users/serafimbronnikov/.m2/repository/org/checkerframework/checker-qual/3.5.0/checker-qual-3.5.0.jar:/Users/serafimbronnikov/.m2/repository/org/glassfish/jersey/core/jersey-server/3.0.3/jersey-server-3.0.3.jar:/Users/serafimbronnikov/.m2/repository/org/glassfish/jersey/core/jersey-common/3.0.3/jersey-common-3.0.3.jar:/Users/serafimbronnikov/.m2/repository/org/glassfish/hk2/osgi-resource-locator/1.0.3/osgi-resource-locator-1.0.3.jar:/Users/serafimbronnikov/.m2/repository/org/glassfish/jersey/core/jersey-client/3.0.3/jersey-client-3.0.3.jar:/Users/serafimbronnikov/.m2/repository/jakarta/ws/rs/jakarta.ws.rs-api/3.0.0/jakarta.ws.rs-api-3.0.0.jar:/Users/serafimbronnikov/.m2/repository/jakarta/annotation/jakarta.annotation-api/2.0.0/jakarta.annotation-api-2.0.0.jar:/Users/serafimbronnikov/.m2/repository/jakarta/inject/jakarta.inject-api/2.0.0/jakarta.inject-api-2.0.0.jar:/Users/serafimbronnikov/.m2/repository/jakarta/validation/jakarta.validation-api/3.0.0/jakarta.validation-api-3.0.0.jar:/Users/serafimbronnikov/.m2/repository/org/glassfish/jersey/containers/jersey-container-servlet/3.0.3/jersey-container-servlet-3.0.3.jar:/Users/serafimbronnikov/.m2/repository/org/glassfish/jersey/containers/jersey-container-servlet-core/3.0.3/jersey-container-servlet-core-3.0.3.jar:/Users/serafimbronnikov/.m2/repository/org/glassfish/jersey/inject/jersey-hk2/3.0.3/jersey-hk2-3.0.3.jar:/Users/serafimbronnikov/.m2/repository/org/glassfish/hk2/hk2-locator/3.0.1/hk2-locator-3.0.1.jar:/Users/serafimbronnikov/.m2/repository/org/glassfish/hk2/external/aopalliance-repackaged/3.0.1/aopalliance-repackaged-3.0.1.jar:/Users/serafimbronnikov/.m2/repository/org/glassfish/hk2/hk2-api/3.0.1/hk2-api-3.0.1.jar:/Users/serafimbronnikov/.m2/repository/org/glassfish/hk2/hk2-utils/3.0.1/hk2-utils-3.0.1.jar:/Users/serafimbronnikov/.m2/repository/org/javassist/javassist/3.25.0-GA/javassist-3.25.0-GA.jar:/Users/serafimbronnikov/.m2/repository/org/projectlombok/lombok/1.18.32/lombok-1.18.32.jar:/Users/serafimbronnikov/.m2/repository/junit/junit/4.13.2/junit-4.13.2.jar:/Users/serafimbronnikov/.m2/repository/org/hamcrest/hamcrest-core/1.3/hamcrest-core-1.3.jar:/Users/serafimbronnikov/.m2/repository/org/mockito/mockito-core/4.0.0/mockito-core-4.0.0.jar:/Users/serafimbronnikov/.m2/repository/net/bytebuddy/byte-buddy/1.11.19/byte-buddy-1.11.19.jar:/Users/serafimbronnikov/.m2/repository/net/bytebuddy/byte-buddy-agent/1.11.19/byte-buddy-agent-1.11.19.jar:/Users/serafimbronnikov/.m2/repository/org/objenesis/objenesis/3.2/objenesis-3.2.jar:/Users/serafimbronnikov/.m2/repository/jakarta/servlet/jakarta.servlet-api/5.0.0/jakarta.servlet-api-5.0.0.jar:"/>
    <property name="sun.cpu.endian" value="little"/>
    <property name="user.home" value="/Users/serafimbronnikov"/>
    <property name="user.language" value="ru"/>
    <property name="java.specification.vendor" value="Oracle Corporation"/>
    <property name="java.version.date" value="2024-01-16"/>
    <property name="java.home" value="/Users/serafimbronnikov/Library/Java/JavaVirtualMachines/openjdk-21.0.2/Contents/Home"/>
    <property name="file.separator" value="/"/>
    <property name="basedir" value="/Users/serafimbronnikov/Desktop/warehouse"/>
    <property name="java.vm.compressedOopsMode" value="Zero based"/>
    <property name="line.separator" value="&#10;"/>
    <property name="java.vm.specification.vendor" value="Oracle Corporation"/>
    <property name="java.specification.name" value="Java Platform API Specification"/>
    <property name="apple.awt.application.name" value="ForkedBooter"/>
    <property name="surefire.real.class.path" value="/Users/serafimbronnikov/Desktop/warehouse/target/surefire/surefirebooter-20240518104100943_3.jar"/>
    <property name="sun.management.compiler" value="HotSpot 64-Bit Tiered Compilers"/>
    <property name="ftp.nonProxyHosts" value="local|*.local|169.254/16|*.169.254/16"/>
    <property name="java.runtime.version" value="21.0.2+13-58"/>
    <property name="user.name" value="serafimbronnikov"/>
    <property name="stdout.encoding" value="UTF-8"/>
    <property name="path.separator" value=":"/>
    <property name="os.version" value="13.2"/>
    <property name="java.runtime.name" value="OpenJDK Runtime Environment"/>
    <property name="file.encoding" value="UTF-8"/>
    <property name="java.vm.name" value="OpenJDK 64-Bit Server VM"/>
    <property name="localRepository" value="/Users/serafimbronnikov/.m2/repository"/>
    <property name="java.vendor.url.bug" value="https://bugreport.java.com/bugreport/"/>
    <property name="java.io.tmpdir" value="/var/folders/01/zll7l_1j50vfgs562t5qhdgr0000gn/T/"/>
    <property name="java.version" value="21.0.2"/>
    <property name="user.dir" value="/Users/serafimbronnikov/Desktop/warehouse"/>
    <property name="os.arch" value="x86_64"/>
    <property name="java.vm.specification.name" value="Java Virtual Machine Specification"/>
    <property name="native.encoding" value="UTF-8"/>
    <property name="java.library.path" value="/Users/serafimbronnikov/Library/Java/Extensions:/Library/Java/Extensions:/Network/Library/Java/Extensions:/System/Library/Java/Extensions:/usr/lib/java:."/>
    <property name="java.vm.info" value="mixed mode, sharing"/>
    <property name="stderr.encoding" value="UTF-8"/>
    <property name="java.vendor" value="Oracle Corporation"/>
    <property name="java.vm.version" value="21.0.2+13-58"/>
    <property name="sun.io.unicode.encoding" value="UnicodeBig"/>
    <property name="socksNonProxyHosts" value="local|*.local|169.254/16|*.169.254/16"/>
    <property name="java.class.version" value="65.0"/>
  </properties>
  <testcase name="testGetGoods" classname="com.arta.warehouse.GoodsServicesTest" time="0.805"/>
  <testcase name="testSave" classname="com.arta.warehouse.GoodsServicesTest" time="0.003"/>
</testsuite>